2024-03-12T09:51:17 ::1 / 
2024-03-12T09:51:18 ::1 / 
2024-03-12T09:51:24 ::1 / 
2024-03-12T09:51:24 ::1 / 
2024-03-12T09:51:24 ::1 / 
2024-03-12T09:51:25 ::1 / 
2024-03-12T09:53:26 ::1 /about 
2024-03-12T09:54:47 ::1 /login 
2024-03-12T09:58:06 ::1 /login 
2024-03-12T09:58:06 ::1 /login 
2024-03-12T09:58:16 ::1 /about 
2024-03-12T10:19:38 ::1 /666 
2024-03-12T10:19:53 ::1 /666 
2024-03-12T10:19:53 ::1 /666 
2024-03-12T10:19:53 ::1 /666 
2024-03-12T10:19:54 ::1 /666 
2024-03-12T10:26:37 ::1 /admin 
2024-03-12T10:26:46 ::1 /admin/code=464 
2024-03-12T10:28:52 ::1 /admin 
2024-03-12T10:28:55 ::1 /admin 
